<?xml version="1.0" encoding="UTF-8"?>
<testsuite xmlns:xsi="http://www.w3.org/2001/XMLSchema-instance" xsi:noNamespaceSchemaLocation="https://maven.apache.org/surefire/maven-surefire-plugin/xsd/surefire-test-report.xsd" name="com.java.crypto.AppTest" time="0.027" tests="1" errors="0" skipped="0" failures="0">
  <properties>
    <property name="java.specification.version" value="17"/>
    <property name="sun.cpu.isalist" value="amd64"/>
    <property name="sun.jnu.encoding" value="Cp1252"/>
    <property name="java.class.path" value="C:\Users\ilyas\programming\cryptoJava\target\test-classes;C:\Users\ilyas\programming\cryptoJava\target\classes;C:\Users\ilyas\.m2\repository\junit\junit\4.11\junit-4.11.jar;C:\Users\ilyas\.m2\repository\org\hamcrest\hamcrest-core\1.3\hamcrest-core-1.3.jar;"/>
    <property name="java.vm.vendor" value="Oracle Corporation"/>
    <property name="sun.arch.data.model" value="64"/>
    <property name="user.variant" value=""/>
    <property name="java.vendor.url" value="https://java.oracle.com/"/>
    <property name="user.timezone" value="America/Toronto"/>
    <property name="os.name" value="Windows 11"/>
    <property name="java.vm.specification.version" value="17"/>
    <property name="sun.java.launcher" value="SUN_STANDARD"/>
    <property name="user.country" value="US"/>
    <property name="sun.boot.library.path" value="C:\Program Files\Java\jdk-17\bin"/>
    <property name="sun.java.command" value="C:\Users\ilyas\AppData\Local\Temp\surefire12581003879613610249\surefirebooter2973358776549446941.jar C:\Users\ilyas\AppData\Local\Temp\surefire12581003879613610249 2024-01-04T21-05-27_333-jvmRun1 surefire1782890302284455042tmp surefire_05510630835271249370tmp"/>
    <property name="jdk.debug" value="release"/>
    <property name="surefire.test.class.path" value="C:\Users\ilyas\programming\cryptoJava\target\test-classes;C:\Users\ilyas\programming\cryptoJava\target\classes;C:\Users\ilyas\.m2\repository\junit\junit\4.11\junit-4.11.jar;C:\Users\ilyas\.m2\repository\org\hamcrest\hamcrest-core\1.3\hamcrest-core-1.3.jar;"/>
    <property name="sun.cpu.endian" value="little"/>
    <property name="user.home" value="C:\Users\ilyas"/>
    <property name="user.language" value="en"/>
    <property name="java.specification.vendor" value="Oracle Corporation"/>
    <property name="java.version.date" value="2023-10-17"/>
    <property name="java.home" value="C:\Program Files\Java\jdk-17"/>
    <property name="file.separator" value="\"/>
    <property name="basedir" value="C:\Users\ilyas\programming\cryptoJava"/>
    <property name="java.vm.compressedOopsMode" value="32-bit"/>
    <property name="line.separator" value="&#10;"/>
    <property name="java.vm.specification.vendor" value="Oracle Corporation"/>
    <property name="java.specification.name" value="Java Platform API Specification"/>
    <property name="surefire.real.class.path" value="C:\Users\ilyas\AppData\Local\Temp\surefire12581003879613610249\surefirebooter2973358776549446941.jar"/>
    <property name="user.script" value=""/>
    <property name="sun.management.compiler" value="HotSpot 64-Bit Tiered Compilers"/>
    <property name="java.runtime.version" value="17.0.9+11-LTS-201"/>
    <property name="user.name" value="ilyas"/>
    <property name="path.separator" value=";"/>
    <property name="os.version" value="10.0"/>
    <property name="java.runtime.name" value="Java(TM) SE Runtime Environment"/>
    <property name="file.encoding" value="Cp1252"/>
    <property name="java.vm.name" value="Java HotSpot(TM) 64-Bit Server VM"/>
    <property name="localRepository" value="C:\Users\ilyas\.m2\repository"/>
    <property name="java.vendor.url.bug" value="https://bugreport.java.com/bugreport/"/>
    <property name="java.io.tmpdir" value="C:\Users\ilyas\AppData\Local\Temp\"/>
    <property name="java.version" value="17.0.9"/>
    <property name="user.dir" value="C:\Users\ilyas\programming\cryptoJava"/>
    <property name="os.arch" value="amd64"/>
    <property name="java.vm.specification.name" value="Java Virtual Machine Specification"/>
    <property name="sun.os.patch.level" value=""/>
    <property name="native.encoding" value="Cp1252"/>
    <property name="java.library.path" value="C:\Program Files\Java\jdk-17\bin;C:\WINDOWS\Sun\Java\bin;C:\WINDOWS\system32;C:\WINDOWS;C:\Program Files\Common Files\Oracle\Java\javapath;C:\WINDOWS\system32;C:\WINDOWS;C:\WINDOWS\System32\Wbem;C:\WINDOWS\System32\WindowsPowerShell\v1.0\;C:\WINDOWS\System32\OpenSSH\;C:\Program Files\apache-maven-3.8.6-bin\apache-maven-3.8.6\bin;C:\Program Files\Git\cmd;C:\msys64\mingw64\bin;C:\Users\ilyas\AppData\Local\Programs\Python\Python311\Scripts;C:\Users\ilyas\AppData\Local\Microsoft\WindowsApps;C:\Program Files\PostgreSQL\15\bin;C:\Program Files\xmrig-6.20.0;C:\Program Files\monero-x86_64-w64-mingw32-v0.18.2.2;C:\Program Files (x86)\Gpg4win\..\GnuPG\bin;C:\Program Files (x86)\Gpg4win\bin;C:\Program Files (x86)\GnuPG\bin;C:\Program Files\nodejs\;C:\Gradle\gradle-8.2.1\bin;C:\Program Files\Java\jdk-17\bin;C:\Program Files\apache-maven-3.9.5\bin;C:\Program Files (x86)\Lua\5.1;C:\Program Files (x86)\Lua\5.1\clibs;C:\Program Files\Airshipper\;C:\Program Files\Vim\vim91;C:\Program Files\Emacs\emacs-29.0.92\emacs-29.1\bin;C:\Users\ilyas\AppData\Local\Programs\Python\Python311\Scripts\;C:\Users\ilyas\AppData\Local\Programs\Python\Python311\;C:\Users\ilyas\.pyenv\pyenv-win\bin;C:\Users\ilyas\.pyenv\pyenv-win\shims;C:\Program Files\MySQL\MySQL Shell 8.0\bin\;C:\Users\ilyas\.cargo\bin;C:\Users\ilyas\scoop\shims;C:\Users\ilyas\AppData\Local\Programs\oh-my-posh\bin;C:\Users\ilyas\AppData\Local\Programs\MiKTeX\miktex\bin\x64\;C:\Users\ilyas\AppData\Roaming\npm;C:\Users\ilyas\AppData\Local\Programs\VSCodium\bin;."/>
    <property name="java.vm.info" value="mixed mode, sharing"/>
    <property name="java.vendor" value="Oracle Corporation"/>
    <property name="java.vm.version" value="17.0.9+11-LTS-201"/>
    <property name="sun.io.unicode.encoding" value="UnicodeLittle"/>
    <property name="java.class.version" value="61.0"/>
  </properties>
  <testcase name="shouldAnswerWithTrue" classname="com.java.crypto.AppTest" time="0"/>
</testsuite>